0    [04-二月-2017 21:34:42] WARN  (EhCacheProvider.java:93) org.hibernate.cache.EhCacheProvider  - Could not find configuration [encache_.com.ruizton.main.model.Flimittrade]; using defaults.
121  [04-二月-2017 21:34:42] WARN  (EhCacheProvider.java:93) org.hibernate.cache.EhCacheProvider  - Could not find configuration [encache_.com.ruizton.main.model.Farticletype]; using defaults.
140  [04-二月-2017 21:34:42] WARN  (EhCacheProvider.java:93) org.hibernate.cache.EhCacheProvider  - Could not find configuration [encache_.com.ruizton.main.model.Fapi]; using defaults.
148  [04-二月-2017 21:34:42] WARN  (EhCacheProvider.java:93) org.hibernate.cache.EhCacheProvider  - Could not find configuration [encache_.com.ruizton.main.model.Fintrolinfo]; using defaults.
155  [04-二月-2017 21:34:42] WARN  (EhCacheProvider.java:93) org.hibernate.cache.EhCacheProvider  - Could not find configuration [encache_.com.ruizton.main.model.Fvirtualcaptualoperation]; using defaults.
176  [04-二月-2017 21:34:42] WARN  (EhCacheProvider.java:93) org.hibernate.cache.EhCacheProvider  - Could not find configuration [encache_.com.ruizton.main.model.FbankinfoWithdraw]; using defaults.
185  [04-二月-2017 21:34:42] WARN  (EhCacheProvider.java:93) org.hibernate.cache.EhCacheProvider  - Could not find configuration [encache_.com.ruizton.main.model.Fcountlimit]; using defaults.
203  [04-二月-2017 21:34:42] WARN  (EhCacheProvider.java:93) org.hibernate.cache.EhCacheProvider  - Could not find configuration [encache_.com.ruizton.main.model.Farticle]; using defaults.
254  [04-二月-2017 21:34:42] WARN  (EhCacheProvider.java:93) org.hibernate.cache.EhCacheProvider  - Could not find configuration [encache_.com.ruizton.main.model.Fsystemargs]; using defaults.
267  [04-二月-2017 21:34:42] WARN  (EhCacheProvider.java:93) org.hibernate.cache.EhCacheProvider  - Could not find configuration [encache_.com.ruizton.main.model.Fwithdrawfees]; using defaults.
272  [04-二月-2017 21:34:42] WARN  (EhCacheProvider.java:93) org.hibernate.cache.EhCacheProvider  - Could not find configuration [encache_.com.ruizton.main.model.Fvirtualoperationlog]; using defaults.
278  [04-二月-2017 21:34:42] WARN  (EhCacheProvider.java:93) org.hibernate.cache.EhCacheProvider  - Could not find configuration [encache_.com.ruizton.main.model.Frole]; using defaults.
283  [04-二月-2017 21:34:42] WARN  (EhCacheProvider.java:93) org.hibernate.cache.EhCacheProvider  - Could not find configuration [encache_.com.ruizton.main.model.Fquestion]; using defaults.
297  [04-二月-2017 21:34:42] WARN  (EhCacheProvider.java:93) org.hibernate.cache.EhCacheProvider  - Could not find configuration [encache_.com.ruizton.main.model.Fabout]; using defaults.
302  [04-二月-2017 21:34:42] WARN  (EhCacheProvider.java:93) org.hibernate.cache.EhCacheProvider  - Could not find configuration [encache_.com.ruizton.main.model.Fshareplan]; using defaults.
310  [04-二月-2017 21:34:42] WARN  (EhCacheProvider.java:93) org.hibernate.cache.EhCacheProvider  - Could not find configuration [encache_.com.ruizton.main.model.Ftradehistory]; using defaults.
316  [04-二月-2017 21:34:42] WARN  (EhCacheProvider.java:93) org.hibernate.cache.EhCacheProvider  - Could not find configuration [encache_.com.ruizton.main.model.Ffriendlink]; using defaults.
320  [04-二月-2017 21:34:42] WARN  (EhCacheProvider.java:93) org.hibernate.cache.EhCacheProvider  - Could not find configuration [encache_.com.ruizton.main.model.Flog]; using defaults.
326  [04-二月-2017 21:34:42] WARN  (EhCacheProvider.java:93) org.hibernate.cache.EhCacheProvider  - Could not find configuration [encache_.com.ruizton.main.model.Fcapitaloperation]; using defaults.
336  [04-二月-2017 21:34:42] WARN  (EhCacheProvider.java:93) org.hibernate.cache.EhCacheProvider  - Could not find configuration [encache_.com.ruizton.main.model.Fautotrade]; using defaults.
343  [04-二月-2017 21:34:42] WARN  (EhCacheProvider.java:93) org.hibernate.cache.EhCacheProvider  - Could not find configuration [encache_.com.ruizton.main.model.Fshareplanlog]; using defaults.
349  [04-二月-2017 21:34:42] WARN  (EhCacheProvider.java:93) org.hibernate.cache.EhCacheProvider  - Could not find configuration [encache_.com.ruizton.main.model.Ffees]; using defaults.
353  [04-二月-2017 21:34:42] WARN  (EhCacheProvider.java:93) org.hibernate.cache.EhCacheProvider  - Could not find configuration [encache_.com.ruizton.main.model.Ftransportlog]; using defaults.
357  [04-二月-2017 21:34:42] WARN  (EhCacheProvider.java:93) org.hibernate.cache.EhCacheProvider  - Could not find configuration [encache_.com.ruizton.main.model.Fgoodscomm]; using defaults.
361  [04-二月-2017 21:34:42] WARN  (EhCacheProvider.java:93) org.hibernate.cache.EhCacheProvider  - Could not find configuration [encache_.com.ruizton.main.model.Fgoodtype]; using defaults.
365  [04-二月-2017 21:34:42] WARN  (EhCacheProvider.java:93) org.hibernate.cache.EhCacheProvider  - Could not find configuration [encache_.com.ruizton.main.model.Fsubscription]; using defaults.
375  [04-二月-2017 21:34:42] WARN  (EhCacheProvider.java:93) org.hibernate.cache.EhCacheProvider  - Could not find configuration [encache_.com.ruizton.main.model.Fvirtualaddress]; using defaults.
388  [04-二月-2017 21:34:42] WARN  (EhCacheProvider.java:93) org.hibernate.cache.EhCacheProvider  - Could not find configuration [encache_.com.ruizton.main.model.FvirtualaddressWithdraw]; using defaults.
395  [04-二月-2017 21:34:42] WARN  (EhCacheProvider.java:93) org.hibernate.cache.EhCacheProvider  - Could not find configuration [encache_.com.ruizton.main.model.Fsecurity]; using defaults.
399  [04-二月-2017 21:34:42] WARN  (EhCacheProvider.java:93) org.hibernate.cache.EhCacheProvider  - Could not find configuration [encache_.com.ruizton.main.model.Fwebbaseinfo]; using defaults.
415  [04-二月-2017 21:34:42] WARN  (EhCacheProvider.java:93) org.hibernate.cache.EhCacheProvider  - Could not find configuration [encache_.com.ruizton.main.model.Foperationlog]; using defaults.
422  [04-二月-2017 21:34:42] WARN  (EhCacheProvider.java:93) org.hibernate.cache.EhCacheProvider  - Could not find configuration [encache_.com.ruizton.main.model.Fvirtualcointype]; using defaults.
435  [04-二月-2017 21:34:42] WARN  (EhCacheProvider.java:93) org.hibernate.cache.EhCacheProvider  - Could not find configuration [encache_.com.ruizton.main.model.FroleSecurity]; using defaults.
439  [04-二月-2017 21:34:42] WARN  (EhCacheProvider.java:93) org.hibernate.cache.EhCacheProvider  - Could not find configuration [encache_.com.ruizton.main.model.Systembankinfo]; using defaults.
447  [04-二月-2017 21:34:42] WARN  (EhCacheProvider.java:93) org.hibernate.cache.EhCacheProvider  - Could not find configuration [encache_.com.ruizton.main.model.Ftrademapping]; using defaults.
453  [04-二月-2017 21:34:42] WARN  (EhCacheProvider.java:93) org.hibernate.cache.EhCacheProvider  - Could not find configuration [encache_.com.ruizton.main.model.Fscore]; using defaults.
458  [04-二月-2017 21:34:42] WARN  (EhCacheProvider.java:93) org.hibernate.cache.EhCacheProvider  - Could not find configuration [encache_.com.ruizton.main.model.Fasset]; using defaults.
466  [04-二月-2017 21:34:42] WARN  (EhCacheProvider.java:93) org.hibernate.cache.EhCacheProvider  - Could not find configuration [encache_.com.ruizton.main.model.Fgoods]; using defaults.
481  [04-二月-2017 21:34:42] WARN  (EhCacheProvider.java:93) org.hibernate.cache.EhCacheProvider  - Could not find configuration [encache_.com.ruizton.main.model.Fsubscriptionlog]; using defaults.
590  [04-二月-2017 21:34:43] WARN  (EhCacheProvider.java:93) org.hibernate.cache.EhCacheProvider  - Could not find configuration [encache_.org.hibernate.cache.UpdateTimestampsCache]; using defaults.
593  [04-二月-2017 21:34:43] WARN  (EhCacheProvider.java:93) org.hibernate.cache.EhCacheProvider  - Could not find configuration [encache_.org.hibernate.cache.StandardQueryCache]; using defaults.
