0    [16-Dec-2016 17:46:37] WARN  (EhCacheProvider.java:93) org.hibernate.cache.EhCacheProvider  - Could not find configuration [encache_.com.ruizton.main.model.Flimittrade]; using defaults.
153  [16-Dec-2016 17:46:37] WARN  (EhCacheProvider.java:93) org.hibernate.cache.EhCacheProvider  - Could not find configuration [encache_.com.ruizton.main.model.Farticletype]; using defaults.
177  [16-Dec-2016 17:46:37] WARN  (EhCacheProvider.java:93) org.hibernate.cache.EhCacheProvider  - Could not find configuration [encache_.com.ruizton.main.model.Fapi]; using defaults.
186  [16-Dec-2016 17:46:37] WARN  (EhCacheProvider.java:93) org.hibernate.cache.EhCacheProvider  - Could not find configuration [encache_.com.ruizton.main.model.Fintrolinfo]; using defaults.
193  [16-Dec-2016 17:46:37] WARN  (EhCacheProvider.java:93) org.hibernate.cache.EhCacheProvider  - Could not find configuration [encache_.com.ruizton.main.model.Fbalancetype]; using defaults.
200  [16-Dec-2016 17:46:37] WARN  (EhCacheProvider.java:93) org.hibernate.cache.EhCacheProvider  - Could not find configuration [encache_.com.ruizton.main.model.Fvirtualcaptualoperation]; using defaults.
222  [16-Dec-2016 17:46:37] WARN  (EhCacheProvider.java:93) org.hibernate.cache.EhCacheProvider  - Could not find configuration [encache_.com.ruizton.main.model.FbankinfoWithdraw]; using defaults.
237  [16-Dec-2016 17:46:37] WARN  (EhCacheProvider.java:93) org.hibernate.cache.EhCacheProvider  - Could not find configuration [encache_.com.ruizton.main.model.Fcountlimit]; using defaults.
284  [16-Dec-2016 17:46:37] WARN  (EhCacheProvider.java:93) org.hibernate.cache.EhCacheProvider  - Could not find configuration [encache_.com.ruizton.main.model.Farticle]; using defaults.
300  [16-Dec-2016 17:46:37] WARN  (EhCacheProvider.java:93) org.hibernate.cache.EhCacheProvider  - Could not find configuration [encache_.com.ruizton.main.model.Fsystemargs]; using defaults.
314  [16-Dec-2016 17:46:37] WARN  (EhCacheProvider.java:93) org.hibernate.cache.EhCacheProvider  - Could not find configuration [encache_.com.ruizton.main.model.Fwithdrawfees]; using defaults.
319  [16-Dec-2016 17:46:37] WARN  (EhCacheProvider.java:93) org.hibernate.cache.EhCacheProvider  - Could not find configuration [encache_.com.ruizton.main.model.Fvirtualoperationlog]; using defaults.
325  [16-Dec-2016 17:46:37] WARN  (EhCacheProvider.java:93) org.hibernate.cache.EhCacheProvider  - Could not find configuration [encache_.com.ruizton.main.model.Frole]; using defaults.
329  [16-Dec-2016 17:46:37] WARN  (EhCacheProvider.java:93) org.hibernate.cache.EhCacheProvider  - Could not find configuration [encache_.com.ruizton.main.model.Fquestion]; using defaults.
344  [16-Dec-2016 17:46:37] WARN  (EhCacheProvider.java:93) org.hibernate.cache.EhCacheProvider  - Could not find configuration [encache_.com.ruizton.main.model.Flotteryaward]; using defaults.
351  [16-Dec-2016 17:46:37] WARN  (EhCacheProvider.java:93) org.hibernate.cache.EhCacheProvider  - Could not find configuration [encache_.com.ruizton.main.model.Fabout]; using defaults.
355  [16-Dec-2016 17:46:37] WARN  (EhCacheProvider.java:93) org.hibernate.cache.EhCacheProvider  - Could not find configuration [encache_.com.ruizton.main.model.Fshareplan]; using defaults.
369  [16-Dec-2016 17:46:37] WARN  (EhCacheProvider.java:93) org.hibernate.cache.EhCacheProvider  - Could not find configuration [encache_.com.ruizton.main.model.Ffriendlink]; using defaults.
374  [16-Dec-2016 17:46:37] WARN  (EhCacheProvider.java:93) org.hibernate.cache.EhCacheProvider  - Could not find configuration [encache_.com.ruizton.main.model.Fbalancelog]; using defaults.
381  [16-Dec-2016 17:46:37] WARN  (EhCacheProvider.java:93) org.hibernate.cache.EhCacheProvider  - Could not find configuration [encache_.com.ruizton.main.model.Ftradehistory]; using defaults.
386  [16-Dec-2016 17:46:37] WARN  (EhCacheProvider.java:93) org.hibernate.cache.EhCacheProvider  - Could not find configuration [encache_.com.ruizton.main.model.Flog]; using defaults.
392  [16-Dec-2016 17:46:37] WARN  (EhCacheProvider.java:93) org.hibernate.cache.EhCacheProvider  - Could not find configuration [encache_.com.ruizton.main.model.Fcapitaloperation]; using defaults.
401  [16-Dec-2016 17:46:37] WARN  (EhCacheProvider.java:93) org.hibernate.cache.EhCacheProvider  - Could not find configuration [encache_.com.ruizton.main.model.Fbalance]; using defaults.
410  [16-Dec-2016 17:46:37] WARN  (EhCacheProvider.java:93) org.hibernate.cache.EhCacheProvider  - Could not find configuration [encache_.com.ruizton.main.model.Fautotrade]; using defaults.
418  [16-Dec-2016 17:46:37] WARN  (EhCacheProvider.java:93) org.hibernate.cache.EhCacheProvider  - Could not find configuration [encache_.com.ruizton.main.model.Fshareplanlog]; using defaults.
423  [16-Dec-2016 17:46:37] WARN  (EhCacheProvider.java:93) org.hibernate.cache.EhCacheProvider  - Could not find configuration [encache_.com.ruizton.main.model.Ffees]; using defaults.
428  [16-Dec-2016 17:46:37] WARN  (EhCacheProvider.java:93) org.hibernate.cache.EhCacheProvider  - Could not find configuration [encache_.com.ruizton.main.model.Ftransportlog]; using defaults.
433  [16-Dec-2016 17:46:37] WARN  (EhCacheProvider.java:93) org.hibernate.cache.EhCacheProvider  - Could not find configuration [encache_.com.ruizton.main.model.Fsubscription]; using defaults.
445  [16-Dec-2016 17:46:38] WARN  (EhCacheProvider.java:93) org.hibernate.cache.EhCacheProvider  - Could not find configuration [encache_.com.ruizton.main.model.Fvirtualaddress]; using defaults.
454  [16-Dec-2016 17:46:38] WARN  (EhCacheProvider.java:93) org.hibernate.cache.EhCacheProvider  - Could not find configuration [encache_.com.ruizton.main.model.FvirtualaddressWithdraw]; using defaults.
460  [16-Dec-2016 17:46:38] WARN  (EhCacheProvider.java:93) org.hibernate.cache.EhCacheProvider  - Could not find configuration [encache_.com.ruizton.main.model.Fbalanceflow]; using defaults.
470  [16-Dec-2016 17:46:38] WARN  (EhCacheProvider.java:93) org.hibernate.cache.EhCacheProvider  - Could not find configuration [encache_.com.ruizton.main.model.Fbalanceearning]; using defaults.
475  [16-Dec-2016 17:46:38] WARN  (EhCacheProvider.java:93) org.hibernate.cache.EhCacheProvider  - Could not find configuration [encache_.com.ruizton.main.model.Fsecurity]; using defaults.
480  [16-Dec-2016 17:46:38] WARN  (EhCacheProvider.java:93) org.hibernate.cache.EhCacheProvider  - Could not find configuration [encache_.com.ruizton.main.model.Fwebbaseinfo]; using defaults.
487  [16-Dec-2016 17:46:38] WARN  (EhCacheProvider.java:93) org.hibernate.cache.EhCacheProvider  - Could not find configuration [encache_.com.ruizton.main.model.Flotterylog]; using defaults.
492  [16-Dec-2016 17:46:38] WARN  (EhCacheProvider.java:93) org.hibernate.cache.EhCacheProvider  - Could not find configuration [encache_.com.ruizton.main.model.Foperationlog]; using defaults.
499  [16-Dec-2016 17:46:38] WARN  (EhCacheProvider.java:93) org.hibernate.cache.EhCacheProvider  - Could not find configuration [encache_.com.ruizton.main.model.Fvirtualcointype]; using defaults.
525  [16-Dec-2016 17:46:38] WARN  (EhCacheProvider.java:93) org.hibernate.cache.EhCacheProvider  - Could not find configuration [encache_.com.ruizton.main.model.Flotteryrule]; using defaults.
531  [16-Dec-2016 17:46:38] WARN  (EhCacheProvider.java:93) org.hibernate.cache.EhCacheProvider  - Could not find configuration [encache_.com.ruizton.main.model.FroleSecurity]; using defaults.
534  [16-Dec-2016 17:46:38] WARN  (EhCacheProvider.java:93) org.hibernate.cache.EhCacheProvider  - Could not find configuration [encache_.com.ruizton.main.model.Systembankinfo]; using defaults.
544  [16-Dec-2016 17:46:38] WARN  (EhCacheProvider.java:93) org.hibernate.cache.EhCacheProvider  - Could not find configuration [encache_.com.ruizton.main.model.Fscore]; using defaults.
552  [16-Dec-2016 17:46:38] WARN  (EhCacheProvider.java:93) org.hibernate.cache.EhCacheProvider  - Could not find configuration [encache_.com.ruizton.main.model.Fasset]; using defaults.
561  [16-Dec-2016 17:46:38] WARN  (EhCacheProvider.java:93) org.hibernate.cache.EhCacheProvider  - Could not find configuration [encache_.com.ruizton.main.model.Fsubscriptionlog]; using defaults.
708  [16-Dec-2016 17:46:38] WARN  (EhCacheProvider.java:93) org.hibernate.cache.EhCacheProvider  - Could not find configuration [encache_.org.hibernate.cache.UpdateTimestampsCache]; using defaults.
711  [16-Dec-2016 17:46:38] WARN  (EhCacheProvider.java:93) org.hibernate.cache.EhCacheProvider  - Could not find configuration [encache_.org.hibernate.cache.StandardQueryCache]; using defaults.
